<?xml version="1.0" encoding="UTF-8"?>
<!-- Generated by org.testng.reporters.JUnitReportReporter -->
<testsuite hostname="DESKTOP-1ANJ5AJ" failures="0" tests="4" name="api.test.UserTests" time="7.762" errors="0" timestamp="28 May 2024 03:11:10 GMT" skipped="0">
  <testcase classname="api.test.UserTests" name="testPostUser" time="2.407"/>
  <testcase classname="api.test.UserTests" name="testGetUserByName" time="1.377"/>
  <testcase classname="api.test.UserTests" name="testUpdateUserByName" time="2.649"/>
  <testcase classname="api.test.UserTests" name="testDeleteUserByName" time="1.329"/>
</testsuite> <!-- api.test.UserTests -->
