<?xml version="1.0" encoding="UTF-8"?>
<!-- Generated by org.testng.reporters.JUnitReportReporter -->
<testsuite hostname="DESKTOP-1ANJ5AJ" failures="0" tests="6" name="api.test.DDTests" time="9.034" errors="0" timestamp="01 Jun 2024 08:51:28 GMT" skipped="0">
  <testcase classname="api.test.DDTests" name="testPostuser" time="1.346"/>
  <testcase classname="api.test.DDTests" name="testPostuser" time="2.337"/>
  <testcase classname="api.test.DDTests" name="testPostuser" time="1.295"/>
  <testcase classname="api.test.DDTests" name="testDeleteUserByName" time="1.344"/>
  <testcase classname="api.test.DDTests" name="testDeleteUserByName" time="1.348"/>
  <testcase classname="api.test.DDTests" name="testDeleteUserByName" time="1.364"/>
</testsuite> <!-- api.test.DDTests -->
